7:34:05 blink: 17.0/min
07:34:05 face: 289/min
07:34:05 frame: 301/min

07:35:05 blink: 8.0/min
07:35:05 face: 279/min
07:35:05 frame: 279/min

07:36:05 blink: 3.0/min
07:36:05 face: 277/min
07:36:05 frame: 277/min

07:37:05 blink: 4.0/min
07:37:05 face: 403/min
07:37:05 frame: 406/min

07:38:59 blink: 15.0/min
07:38:59 face: 400/min
07:38:59 frame: 403/min

07:39:59 blink: 23.0/min
07:39:59 face: 473/min
07:39:59 frame: 473/min

07:40:59 blink: 23.0/min
07:40:59 face: 489/min
07:40:59 frame: 489/min

07:41:59 blink: 30.0/min
07:41:59 face: 512/min
07:41:59 frame: 559/min

07:42:59 blink: 25.0/min
07:42:59 face: 493/min
07:42:59 frame: 498/min

07:43:59 blink: 24.0/min
07:43:59 face: 328/min
07:43:59 frame: 328/min

07:44:59 blink: 15.0/min
07:44:59 face: 302/min
07:44:59 frame: 303/min

07:45:59 blink: 11.0/min
07:45:59 face: 228/min
07:45:59 frame: 427/min

07:46:59 blink: 2.0/min
07:46:59 face: 24/min
07:46:59 frame: 519/min

11:00:22 blink: 29.0/min
11:00:22 face: 770/min
11:00:22 frame: 901/min

11:02:42 blink: 25.0/min
11:02:42 face: 670/min
11:02:42 frame: 693/min

11:03:42 blink: 2.0/min
11:03:42 face: 280/min
11:03:42 frame: 727/min

11:04:42 blink: 10.0/min
11:04:42 face: 464/min
11:04:42 frame: 708/min
11:05:42 blink: 28.0/min
11:05:42 face: 543/min
11:05:42 frame: 709/min

11:06:42 blink: 22.0/min
11:06:42 face: 559/min
11:06:42 frame: 713/min

11:07:42 blink: 31.0/min
11:07:42 face: 594/min
11:07:42 frame: 710/min

11:08:42 blink: 26.0/min
11:08:42 face: 521/min
11:08:42 frame: 708/min

11:09:42 blink: 16.0/min
11:09:42 face: 654/min
11:09:42 frame: 704/min

11:10:42 blink: 15.0/min
11:10:42 face: 417/min
11:10:42 frame: 705/min

11:11:42 blink: 20.0/min
11:11:42 face: 338/min
11:11:42 frame: 707/min

11:12:42 blink: 11.0/min
11:12:42 face: 206/min
11:12:42 frame: 712/min

11:13:42 blink: 38.0/min
11:13:42 face: 631/min
11:13:42 frame: 710/min

11:14:42 blink: 12.0/min
11:14:42 face: 311/min
11:14:42 frame: 713/min

11:15:42 blink: 24.0/min
11:15:42 face: 538/min
11:15:42 frame: 705/min

11:16:42 blink: 9.0/min
11:16:42 face: 205/min
11:16:42 frame: 716/min

11:17:42 blink: 17.0/min
11:17:42 face: 356/min
11:17:42 frame: 714/min

11:18:42 blink: 21.0/min
11:18:42 face: 643/min
11:18:42 frame: 704/min

11:19:42 blink: 26.0/min
11:19:42 face: 561/min
11:19:42 frame: 711/min

11:20:42 blink: 28.0/min
11:20:42 face: 665/min
11:20:42 frame: 706/min

11:22:02 blink: 14.0/min
11:22:02 face: 413/min
11:22:02 frame: 686/min
11:22:02 low face existence, not reliable
11:22:02 

11:23:02 blink: 15.0/min
11:23:02 face: 597/min
11:23:02 frame: 711/min
11:23:02 

11:24:02 blink: 33.0/min
11:24:02 face: 556/min
11:24:02 frame: 710/min
11:24:02 

11:25:02 blink: 42.0/min
11:25:02 face: 698/min
11:25:02 frame: 699/min
11:25:02 

11:26:02 blink: 23.0/min
11:26:02 face: 681/min
11:26:02 frame: 703/min
11:26:02 

11:27:02 blink: 32.0/min
11:27:02 face: 602/min
11:27:02 frame: 710/min
11:27:02 

