05:51:05 manual blink rate: 7.00/min

05:51:37 good blink rate at 1637315436 ~ 1637315496, rate = 15
05:51:37 body concentration is 0.67
05:51:37
05:52:05 manual blink rate: 25.00/min

05:53:05 manual blink rate: 6.00/min

05:53:07 good blink rate at 1637315497 ~ 1637315554, rate = 21
05:53:07 body concentration is 0.63
05:53:07
05:54:05 manual blink rate: 5.00/min

05:55:05 manual blink rate: 9.00/min

05:56:05 manual blink rate: 7.00/min

05:56:54 good blink rate at 1637315739 ~ 1637315794, rate = 22
05:56:54 body concentration is 0.68
05:56:54 good concentration at 1637315739 ~ 1637315794
05:56:54
05:57:05 manual blink rate: 18.00/min

05:57:55 good blink rate at 1637315814 ~ 1637315873, rate = 17
05:57:55 body concentration is 0.68
05:57:55 good concentration at 1637315814 ~ 1637315873
05:57:55
05:58:05 manual blink rate: 16.00/min

05:59:05 manual blink rate: 21.00/min

05:59:10 good blink rate at 1637315875 ~ 1637315935, rate = 23
05:59:10 body concentration is 0.64
05:59:10
06:00:05 manual blink rate: 26.00/min

06:01:03 Creating converter from 3 to 5 (Don't know what this is.)
06:06:18 manual blink rate: 6.00/min
06:06:55 good blink rate at 1637316353 ~ 1637316413, rate = 17
06:06:55 low face existence, not reliable
06:06:55 body concentration is 0.66
06:06:55
06:07:18 manual blink rate: 26.00/min

10:43:02 manual blink rate: 2.00/min

10:49:21 manual blink rate: 8.00/min

10:50:21 manual blink rate: 7.00/min

10:51:21 manual blink rate: 6.00/min

10:52:21 manual blink rate: 3.00/min

10:53:21 manual blink rate: 7.00/min

10:54:21 manual blink rate: 1.00/min

10:55:21 manual blink rate: 10.00/min

10:56:17 good blink rate at 1637463314 ~ 1637463372, rate = 16
10:56:17 body concentration is 0.68
10:56:17 good concentration at 1637463314 ~ 1637463372
10:56:17
10:56:21 manual blink rate: 18.00/min

10:57:21 manual blink rate: 18.00/min

10:57:26 good blink rate at 1637463377 ~ 1637463433, rate = 21
10:57:26 body concentration is 0.67
10:57:26 good concentration at 1637463377 ~ 1637463433
10:57:26
11:16:41 Creating converter from 3 to 5
11:20:13 good blink rate at 1637464750 ~ 1637464807, rate = 16
11:20:13 body concentration is 1.00
11:20:13 good concentration at 1637464750 ~ 1637464807
11:20:13 
11:25:58 Creating converter from 3 to 5
11:33:14 good blink rate at 1637465531 ~ 1637465579, rate = 16
11:33:14 body concentration is 1.00
11:33:14 good concentration at 1637465531 ~ 1637465579
11:33:14 
11:36:23 good blink rate at 1637465711 ~ 1637465756, rate = 15
11:36:23 body concentration is 1.00
11:36:23 good concentration at 1637465711 ~ 1637465756
11:36:23 
11:37:24 good blink rate at 1637465783 ~ 1637465832, rate = 24
11:37:24 body concentration is 1.00
11:37:24 good concentration at 1637465783 ~ 1637465832
11:37:24 
11:38:26 good blink rate at 1637465844 ~ 1637465904, rate = 17
11:38:26 body concentration is 1.00
11:38:26 good concentration at 1637465844 ~ 1637465904
11:38:26 
11:54:27 Creating converter from 3 to 5
12:11:18 Creating converter from 3 to 5
12:13:25 Creating converter from 3 to 5
12:19:15 Creating converter from 3 to 5
12:20:59 Creating converter from 3 to 5
12:22:17 Creating converter from 3 to 5
