0.185 (blink)
0.225 (blink)
0.242
0.247
0.259
0.259
0.282
0.283
0.263
0.282
0.289
0.318
0.305
0.299
0.319
0.31
0.291
0.299
0.275
0.308
0.31
0.297
0.279
0.297
0.32
0.294
0.274
0.29
0.286
0.297
0.306
0.288
0.307
0.31
0.315
0.302
0.302
0.278
0.309
0.229 (blink)
0.23 (blink)
0.199 (blink)
0.231 (blink)
0.245
0.258
0.258
0.21 (blink)
0.248
0.241
0.278
0.291
0.287
0.29
0.299
0.271
0.28
0.301
0.275
0.294
0.294
0.296
0.323
0.295
0.304
0.291
0.287
0.299
0.287
0.303
0.271
0.291
0.287
0.307
0.303
0.295
0.29
0.295
0.282
0.303
0.296
0.294
0.291
0.304
0.291
0.296
0.281
0.291
0.286
0.303
0.296
0.288
0.307
0.278
0.251
0.223 (blink)
0.247
0.267
0.262
0.293
0.295
0.303
0.28
0.291
0.299
0.291
0.292
0.274
0.296
0.243
0.204 (blink)
0.255
0.25
0.268
0.302
0.296
0.282
0.304
0.291
0.299
0.294
0.29
0.29
0.309
0.274
0.296
0.299
0.271
0.29
0.295
0.299
0.297
0.283
0.29
0.295
0.299
0.294
0.27
0.266
0.32
0.29
0.291
0.259
0.26
0.264
0.258
0.259
0.243
0.263
0.254
0.247
0.247
0.247
0.227 (blink)
0.223 (blink)
0.226 (blink)
0.233 (blink)
0.255
0.234 (blink)
0.242
0.268
0.259
0.238 (blink)
0.239 (blink)
0.242
0.255
0.239 (blink)
0.234 (blink)
0.234 (blink)
0.25
0.243
0.246
0.253
0.266
0.254
0.183 (blink)
0.177 (blink)
0.207 (blink)
0.225 (blink)
0.239 (blink)
0.225 (blink)
0.225 (blink)
0.238 (blink)
0.233 (blink)
0.238 (sleepy)
0.255
0.246
0.234 (blink)
0.216 (blink)
0.223 (blink)
0.199 (blink)
0.214 (blink)
0.219 (blink)
0.234 (blink)
0.223 (blink)
0.246
0.246
0.215 (blink)
0.245
0.246
0.252
0.255
0.242
0.251
0.246
0.268
0.263
0.215 (blink)
0.205 (blink)
0.215 (blink)
0.21 (blink)
0.233 (blink)
0.269
0.236 (blink)
0.205 (blink)
0.232 (blink)
0.241
0.223 (blink)
0.233 (blink)
0.259
0.224 (blink)
0.281
0.265
0.268
0.258
0.254
0.264
0.242
0.276
0.246
0.259
0.259
0.276
0.241
0.246
0.259
0.246
0.232 (blink)
0.236 (blink)
0.258
0.25
0.251
0.224 (blink)
0.241
0.259
0.242
0.229 (blink)
0.251
0.242
0.246
0.246
0.25
0.242
0.242
0.25
0.246
0.242
0.251
0.193 (blink)
0.215 (blink)
0.29
0.197 (blink)
0.259
0.282
0.202 (blink)
0.238 (blink)
0.251
0.242
0.259
0.27
0.218 (blink)
0.22 (blink)
0.212 (blink)
0.199 (blink)
0.222 (blink)
0.25
0.22 (blink)
0.228 (blink)
0.216 (blink)
0.194 (blink)
0.2 (blink)
0.23 (blink)
0.227 (blink)
0.233 (blink)
0.213 (blink)
0.184 (sleepy)
0.193 (sleepy)
0.181 (sleepy)
0.202 (sleepy)
0.207 (sleepy)
0.197 (sleepy)
0.206 (sleepy)
0.184 (sleepy)
0.251
0.195 (blink)
0.223 (blink)
0.219 (blink)
0.228 (blink)
0.254
0.238 (blink)
0.214 (blink)
0.234 (blink)
0.209 (blink)
0.209 (blink)
0.246
0.256
0.338
0.263
0.25
0.246
0.293
0.308
0.307
0.246
0.276
0.328
0.272
0.276
0.322
0.259
0.284
0.267
0.291
0.199 (blink)
0.177 (blink)
0.223 (blink)
0.22 (blink)
0.209 (blink)
0.223 (blink)
0.218 (blink)
0.207 (blink)
0.215 (blink)
0.22 (sleepy)
0.229 (sleepy)
0.229 (sleepy)
0.237 (sleepy)
0.219 (sleepy)
0.23 (sleepy)
0.205 (sleepy)
0.21 (sleepy)
0.223 (sleepy)
0.189 (sleepy)
0.184 (sleepy)
0.162 (sleepy)
0.174 (sleepy)
0.193 (sleepy)
0.202 (sleepy)
0.184 (sleepy)
0.182 (sleepy)
0.191 (sleepy)
0.212 (sleepy)
0.205 (sleepy)
0.19 (sleepy)
0.189 (sleepy)
0.188 (sleepy)
0.238 (sleepy)
0.22 (sleepy)
0.224 (sleepy)
0.224 (sleepy)
0.233 (sleepy)
0.194 (sleepy)
0.219 (sleepy)
0.237 (sleepy)
0.225 (sleepy)
0.233 (sleepy)
0.228 (sleepy)
0.207 (sleepy)
0.203 (sleepy)
0.233 (sleepy)
0.196 (sleepy)
0.199 (sleepy)
0.214 (sleepy)
0.196 (sleepy)
0.21 (sleepy)
0.207 (sleepy)
0.223 (sleepy)
0.199 (sleepy)
0.187 (sleepy)
0.198 (sleepy)
0.182 (sleepy)
0.182 (sleepy)
0.199 (sleepy)
0.197 (sleepy)
0.199 (sleepy)
0.192 (sleepy)
0.184 (sleepy)
0.212 (sleepy)
0.18 (sleepy)
0.184 (sleepy)
0.193 (sleepy)
0.192 (sleepy)
0.202 (sleepy)
0.202 (sleepy)
0.224 (sleepy)
0.237 (sleepy)
0.208 (sleepy)
0.193 (sleepy)
0.178 (sleepy)
0.168 (sleepy)
0.19 (sleepy)
0.197 (sleepy)
0.234 (sleepy)
0.225 (sleepy)
0.247
0.238 (blink)
0.224 (blink)
0.192 (blink)
0.271
0.193 (blink)
0.231 (blink)
0.219 (blink)
0.246
0.243
0.217 (blink)
0.226 (blink)
0.254
0.271
0.227 (blink)
0.229 (blink)
0.229 (blink)
0.238 (blink)
0.229 (blink)
0.221 (blink)
0.246
0.228 (blink)
0.198 (blink)
0.224 (blink)
0.198 (blink)
0.211 (blink)
0.212 (blink)
0.203 (blink)
0.2 (blink)
0.207 (blink)
0.212 (sleepy)
0.191 (sleepy)
0.205 (sleepy)
0.237 (sleepy)
0.222 (sleepy)
0.222 (sleepy)
0.222 (sleepy)
0.251
0.238 (blink)
0.233 (blink)
